Command: ninja all
[1/9] Performing build step for 'bootloader'
[1/1] cd /project/lab01/build/bootloader && /opt/esp/python_env/idf6.0_py3.12_env/bin/python /opt/esp/idf/components/partition_table/check_sizes.py --offset 0x8000 bootloader 0x1000 /project/lab01/build/bootloader/bootloader.bin
Bootloader binary size 0x66b0 bytes. 0x950 bytes (8%) free.
[2/9] No install step for 'bootloader'
[3/9] Completed 'bootloader'
[4/9] Building C object esp-idf/main/CMakeFiles/__idf_main.dir/main.c.obj
FAILED: esp-idf/main/CMakeFiles/__idf_main.dir/main.c.obj 
ccache /opt/esp/tools/xtensa-esp-elf/esp-15.2.0_20250920/xtensa-esp-elf/bin/xtensa-esp32-elf-gcc -DESP_PLATFORM -DIDF_VER=\"v6.0-dev-2810-g800f141f94\" -DSOC_MMU_PAGE_SIZE=CONFIG_MMU_PAGE_SIZE -DSOC_XTAL_FREQ_MHZ=CONFIG_XTAL_FREQ -D_GLIBCXX_HAVE_POSIX_SEMAPHORE -D_GLIBCXX_USE_POSIX_SEMAPHORE -D_GNU_SOURCE -D_POSIX_READER_WRITER_LOCKS -I/project/lab01/build/config -I/project/lab01/main -I/opt/esp/idf/components/esp_libc/platform_include -I/opt/esp/idf/components/freertos/config/include -I/opt/esp/idf/components/freertos/config/include/freertos -I/opt/esp/idf/components/freertos/config/xtensa/include -I/opt/esp/idf/components/freertos/FreeRTOS-Kernel/include -I/opt/esp/idf/components/freertos/FreeRTOS-Kernel/portable/xtensa/include -I/opt/esp/idf/components/freertos/FreeRTOS-Kernel/portable/xtensa/include/freertos -I/opt/esp/idf/components/freertos/esp_additions/include -I/opt/esp/idf/components/esp_hw_support/include -I/opt/esp/idf/components/esp_hw_support/include/soc -I/opt/esp/idf/components/esp_hw_support/dma/include -I/opt/esp/idf/components/esp_hw_support/ldo/include -I/opt/esp/idf/components/esp_hw_support/debug_probe/include -I/opt/esp/idf/components/esp_hw_support/etm/include -I/opt/esp/idf/components/esp_hw_support/mspi_timing_tuning/include -I/opt/esp/idf/components/esp_hw_support/mspi_timing_tuning/tuning_scheme_impl/include -I/opt/esp/idf/components/esp_hw_support/power_supply/include -I/opt/esp/idf/components/esp_hw_support/modem/include -I/opt/esp/idf/components/esp_hw_support/port/esp32/. -I/opt/esp/idf/components/esp_hw_support/port/esp32/include -I/opt/esp/idf/components/heap/include -I/opt/esp/idf/components/heap/tlsf -I/opt/esp/idf/components/log/include -I/opt/esp/idf/components/soc/include -I/opt/esp/idf/components/soc/esp32 -I/opt/esp/idf/components/soc/esp32/include -I/opt/esp/idf/components/soc/esp32/register -I/opt/esp/idf/components/hal/platform_port/include -I/opt/esp/idf/components/hal/esp32/include -I/opt/esp/idf/components/hal/include -I/opt/esp/idf/components/esp_rom/include -I/opt/esp/idf/components/esp_rom/esp32/include -I/opt/esp/idf/components/esp_rom/esp32/include/esp32 -I/opt/esp/idf/components/esp_rom/esp32 -I/opt/esp/idf/components/esp_common/include -I/opt/esp/idf/components/esp_system/include -I/opt/esp/idf/components/esp_system/port/soc -I/opt/esp/idf/components/esp_system/port/include/private -I/opt/esp/idf/components/xtensa/esp32/include -I/opt/esp/idf/components/xtensa/include -I/opt/esp/idf/components/xtensa/deprecated_include -I/project/components/lcd -I/project/components/config -I/project/lab01/components/mono -mlongcalls -Wno-frame-address -fno-builtin-memcpy -fno-builtin-memset -fno-builtin-bzero  -fdiagnostics-color=always -ffunction-sections -fdata-sections -Wall -Werror -Wno-error=unused-function -Wno-error=unused-variable -Wno-error=unused-but-set-variable -Wno-error=deprecated-declarations -Wextra -Wno-error=extra -Wno-unused-parameter -Wno-sign-compare -Wno-enum-conversion -gdwarf-4 -ggdb -O2 -fmacro-prefix-map=/project/lab01=. -fmacro-prefix-map=/opt/esp/idf=/IDF -fstrict-volatile-bitfields -fno-jump-tables -fno-tree-switch-conversion -std=gnu23 -Wno-old-style-declaration -fzero-init-padding-bits=all -fno-malloc-dce -MD -MT esp-idf/main/CMakeFiles/__idf_main.dir/main.c.obj -MF esp-idf/main/CMakeFiles/__idf_main.dir/main.c.obj.d -o esp-idf/main/CMakeFiles/__idf_main.dir/main.c.obj -c /project/lab01/main/main.c
/project/lab01/main/main.c: In function 'app_main':
/project/lab01/main/main.c:218:43: error: 'PAC0_W' undeclared (first use in this function); did you mean 'PAC_W'?
  218 |                         for (coord_t x = -PAC0_W; x <= LCD_W; x += OBJ_MOVE) {
      |                                           ^~~~~~
      |                                           PAC_W
/project/lab01/main/main.c:218:43: note: each undeclared identifier is reported only once for each function it appears in
/project/lab01/main/main.c:226:71: error: 'PAC0_H' undeclared (first use in this function); did you mean 'PAC_H'?
  226 |                                 lcd_drawBitmap(x, OBJ_Y, bmp, PAC0_W, PAC0_H, YELLOW);
      |                                                                       ^~~~~~
      |                                                                       PAC_H
ninja: build stopped: subcommand failed.
